<?xml version="1.0" encoding="UTF-8"?>
<!-- Generated by org.testng.reporters.JUnitReportReporter -->
<testsuite hostname="EC107" name="fotf_Testcase.Homepage" tests="2" failures="0" timestamp="28 Jul 2015 12:02:38 GMT" time="57.213" errors="0">
  <testcase name="click_fotf_channels" time="57.076" classname="fotf_Testcase.Homepage"/>
  <testcase name="verify_fotf_logo" time="0.137" classname="fotf_Testcase.Homepage"/>
</testsuite> <!-- fotf_Testcase.Homepage -->
