<?xml version="1.0" encoding="UTF-8"?>
<!-- Generated by org.testng.reporters.JUnitReportReporter -->
<testsuite hostname="Arun-PC" name="fotf_Testcase.Homepage" tests="1" failures="0" timestamp="17 Jul 2015 11:52:00 GMT" time="29.108" errors="0">
  <testcase name="smoketest" time="29.108" classname="fotf_Testcase.Homepage"/>
</testsuite> <!-- fotf_Testcase.Homepage -->
