<?xml version="1.0" encoding="UTF-8"?>
<!-- Generated by org.testng.reporters.JUnitReportReporter -->
<testsuite hostname="EC107" name="fotf_Testcase.Channelpage" tests="1" failures="0" timestamp="21 Jul 2015 16:33:06 GMT" time="0.776" errors="0">
  <testcase name="fotf_channel" time="0.776" classname="fotf_Testcase.Channelpage"/>
</testsuite> <!-- fotf_Testcase.Channelpage -->
