<?xml version="1.0" encoding="UTF-8"?>
<!-- Generated by org.testng.reporters.JUnitReportReporter -->
<testsuite hostname="Arun-PC" name="fotf_Testcase.Homepage" tests="2" failures="0" timestamp="6 Aug 2015 15:30:30 GMT" time="19.511" errors="0">
  <testcase name="verify_fotf_logo" time="0.180" classname="fotf_Testcase.Homepage"/>
  <testcase name="click_fotf_channels" time="19.331" classname="fotf_Testcase.Homepage"/>
</testsuite> <!-- fotf_Testcase.Homepage -->
