<?xml version="1.0" encoding="UTF-8"?>
<!-- Generated by org.testng.reporters.JUnitReportReporter -->
<testsuite hostname="Arun-PC" name="fotf_Testcase.Homepage" tests="5" failures="0" timestamp="31 Jul 2015 14:15:37 GMT" time="27.269" errors="0">
  <testcase name="sample3" time="0.000" classname="fotf_Testcase.Homepage"/>
  <testcase name="sample1" time="0.000" classname="fotf_Testcase.Homepage"/>
  <testcase name="click_fotf_channels" time="27.219" classname="fotf_Testcase.Homepage"/>
  <testcase name="sample2" time="0.001" classname="fotf_Testcase.Homepage"/>
  <testcase name="verify_fotf_logo" time="0.049" classname="fotf_Testcase.Homepage"/>
</testsuite> <!-- fotf_Testcase.Homepage -->
