<?xml version="1.0" encoding="UTF-8"?>
<!-- Generated by org.testng.reporters.JUnitReportReporter -->
<testsuite hostname="Arun-PC" name="fotf_Config.Basedriver" tests="2" failures="0" timestamp="3 Aug 2015 11:32:26 GMT" time="0.000" errors="0">
  <testcase name="sample3" time="0.000" classname="fotf_Config.Basedriver"/>
  <testcase name="sample1" time="0.000" classname="fotf_Config.Basedriver"/>
</testsuite> <!-- fotf_Config.Basedriver -->
