<?xml version="1.0" encoding="UTF-8"?>
<!-- Generated by org.testng.reporters.JUnitReportReporter -->
<testsuite hostname="Arun-PC" name="fotf_Testcase.Homepage" tests="1" failures="0" timestamp="21 Jul 2015 10:32:04 GMT" time="22.706" errors="0">
  <testcase name="fotf_channel" time="22.706" classname="fotf_Testcase.Homepage"/>
</testsuite> <!-- fotf_Testcase.Homepage -->
