<?xml version="1.0" encoding="UTF-8"?>
<!-- Generated by org.testng.reporters.JUnitReportReporter -->
<testsuite hostname="Arun-PC" name="fotf_Config.Basedriver" tests="1" failures="0" timestamp="17 Jul 2015 11:37:43 GMT" time="6.474" errors="0">
  <testcase name="basedriver" time="6.474" classname="fotf_Config.Basedriver"/>
</testsuite> <!-- fotf_Config.Basedriver -->
