<?xml version="1.0" encoding="UTF-8"?>
<!-- Generated by org.testng.reporters.JUnitReportReporter -->
<testsuite hostname="EC107" name="fotf_Testcase.Channelpage" tests="1" failures="0" timestamp="28 Jul 2015 12:02:37 GMT" time="0.030" errors="0">
  <testcase name="verify_fotf_channel" time="0.030" classname="fotf_Testcase.Channelpage"/>
</testsuite> <!-- fotf_Testcase.Channelpage -->
